<?xml version="1.0" encoding="UTF-8"?>
<!-- Generated by org.testng.reporters.JUnitReportReporter -->
<testsuite skipped="0" hostname="DESKTOP-M05HHSF" name="com.Hackatone.TestClasses.GetBookshelves" tests="1" failures="0" timestamp="2021-03-24T15:35:50 IST" time="104.724" errors="0">
  <testcase name="testOneForBookshelves" time="104.724" classname="com.Hackatone.TestClasses.GetBookshelves"/>
  <system-out/>
</testsuite> <!-- com.Hackatone.TestClasses.GetBookshelves -->
